<?xml version="1.0" encoding="UTF-8"?>
<!-- Generated by org.testng.reporters.JUnitXMLReporter -->
<testsuite ignored="0" hostname="LAPTOP-HKEQ8LR6" failures="8" tests="22" name="Default test" time="84.675" errors="0" timestamp="2025-08-03T17:11:43 IST">
  <testcase classname="io.cucumber.testng.AbstractTestNGCucumberTests" name="runScenario" time="15.841"/>
  <testcase classname="io.cucumber.testng.AbstractTestNGCucumberTests" name="runScenario" time="7.73"/>
  <testcase classname="io.cucumber.testng.AbstractTestNGCucumberTests" name="runScenario" time="7.774"/>
  <testcase classname="io.cucumber.testng.AbstractTestNGCucumberTests" name="runScenario" time="7.94"/>
  <testcase classname="io.cucumber.testng.AbstractTestNGCucumberTests" name="runScenario" time="5.905"/>
  <testcase classname="io.cucumber.testng.AbstractTestNGCucumberTests" name="runScenario" time="1.964"/>
  <testcase classname="io.cucumber.testng.AbstractTestNGCucumberTests" name="runScenario" time="3.661"/>
  <testcase classname="io.cucumber.testng.AbstractTestNGCucumberTests" name="runScenario" time="2.416">
    <failure type="java.lang.AssertionError" message="Expected required field error.">
      <![CDATA[java.lang.AssertionError: Expected required field error.
at stepDefinitions.EnquirySteps.error_messages_should_be_shown_for_missing_fields(EnquirySteps.java:67)
at ✽.Error messages should be shown for missing fields(file:///C:/Users/User/git/repository/CTS_Sprint_2/src/test/java/features/enquiry.feature:26)
]]>
    </failure>
  </testcase> <!-- runScenario -->
  <testcase classname="io.cucumber.testng.AbstractTestNGCucumberTests" name="runScenario" time="2.348">
    <failure type="java.lang.AssertionError" message="Expected message length error.">
      <![CDATA[java.lang.AssertionError: Expected message length error.
at stepDefinitions.EnquirySteps.the_system_should_display_character_limit_warning(EnquirySteps.java:83)
at ✽.The system should display character limit warning(file:///C:/Users/User/git/repository/CTS_Sprint_2/src/test/java/features/enquiry.feature:31)
]]>
    </failure>
  </testcase> <!-- runScenario -->
  <testcase classname="io.cucumber.testng.AbstractTestNGCucumberTests" name="runScenario" time="2.345">
    <failure type="java.lang.AssertionError" message="Expected message length error.">
      <![CDATA[java.lang.AssertionError: Expected message length error.
at stepDefinitions.EnquirySteps.error_should_be_displayed_for_empty_subject(EnquirySteps.java:103)
at ✽.Error should be displayed for empty subject(file:///C:/Users/User/git/repository/CTS_Sprint_2/src/test/java/features/enquiry.feature:41)
]]>
    </failure>
  </testcase> <!-- runScenario -->
  <testcase classname="io.cucumber.testng.AbstractTestNGCucumberTests" name="runScenario" time="1.36"/>
  <testcase classname="io.cucumber.testng.AbstractTestNGCucumberTests" name="runScenario" time="1.354"/>
  <testcase classname="io.cucumber.testng.AbstractTestNGCucumberTests" name="runScenario" time="1.345"/>
  <testcase classname="io.cucumber.testng.AbstractTestNGCucumberTests" name="runScenario" time="1.615"/>
  <testcase classname="io.cucumber.testng.AbstractTestNGCucumberTests" name="runScenario" time="4.858">
    <failure type="java.lang.AssertionError" message="Username does not match. Expected: flightadmin, Actual: ">
      <![CDATA[java.lang.AssertionError: Username does not match. Expected: flightadmin, Actual: 
at pages.LoginPageFactory.verifyRememberedCredentials(LoginPageFactory.java:122)
at stepDefinitions.LoginSteps.verify_remembered_credentials(LoginSteps.java:93)
at ✽.credentials should be remembered on next visit(file:///C:/Users/User/git/repository/CTS_Sprint_2/src/test/java/features/login.feature:41)
]]>
    </failure>
  </testcase> <!-- runScenario -->
  <testcase classname="io.cucumber.testng.AbstractTestNGCucumberTests" name="runScenario" time="0.361">
    <failure type="java.lang.AssertionError" message="Page not found (404 error detected)">
      <![CDATA[java.lang.AssertionError: Page not found (404 error detected)
at pages.LoginPageFactory.verifyForgotPasswordRedirect(LoginPageFactory.java:128)
at stepDefinitions.LoginSteps.verify_forgot_password_redirect(LoginSteps.java:103)
at ✽.it should redirect to the reset password page(file:///C:/Users/User/git/repository/CTS_Sprint_2/src/test/java/features/login.feature:45)
]]>
    </failure>
  </testcase> <!-- runScenario -->
  <testcase classname="io.cucumber.testng.AbstractTestNGCucumberTests" name="runScenario" time="2.711">
    <failure type="java.lang.AssertionError" message="TEST FAILED: Logout button is mislabeled. Bug AG-28 is confirmed. expected [Logout] but found [LOGIN]">
      <![CDATA[java.lang.AssertionError: TEST FAILED: Logout button is mislabeled. Bug AG-28 is confirmed. expected [Logout] but found [LOGIN]
at org.testng.Assert.fail(Assert.java:97)
at org.testng.Assert.assertEqualsImpl(Assert.java:136)
at org.testng.Assert.assertEquals(Assert.java:118)
at org.testng.Assert.assertEquals(Assert.java:575)
at stepDefinitions.LogoutSteps.the_user_should_see_a_button(LogoutSteps.java:39)
at ✽.the user should see a "Logout" button(file:///C:/Users/User/git/repository/CTS_Sprint_2/src/test/java/features/logout.feature:8)
]]>
    </failure>
  </testcase> <!-- runScenario -->
  <testcase classname="io.cucumber.testng.AbstractTestNGCucumberTests" name="runScenario" time="2.303"/>
  <testcase classname="io.cucumber.testng.AbstractTestNGCucumberTests" name="runScenario" time="1.88">
    <failure type="java.lang.AssertionError" message="&amp;apos;Not found&amp;apos; message is not displayed. Nothing appears for invalid input.">
      <![CDATA[java.lang.AssertionError: 'Not found' message is not displayed. Nothing appears for invalid input.
at org.testng.Assert.fail(Assert.java:97)
at pages.SearchPageFactory.noTextDisplayed(SearchPageFactory.java:83)
at stepDefinitions.SearchSteps.not_found_text_displayed(SearchSteps.java:86)
at ✽.Not found text displayed(file:///C:/Users/User/git/repository/CTS_Sprint_2/src/test/java/features/search.feature:14)
]]>
    </failure>
  </testcase> <!-- runScenario -->
  <testcase classname="io.cucumber.testng.AbstractTestNGCucumberTests" name="runScenario" time="1.676"/>
  <testcase classname="io.cucumber.testng.AbstractTestNGCucumberTests" name="runScenario" time="1.909">
    <failure type="java.lang.AssertionError" message="Expected no search results to be displayed did not expect to find [true] but found [false]">
      <![CDATA[java.lang.AssertionError: Expected no search results to be displayed did not expect to find [true] but found [false]
at org.testng.Assert.fail(Assert.java:97)
at org.testng.Assert.failNotEquals(Assert.java:969)
at org.testng.Assert.assertTrue(Assert.java:43)
at pages.SearchPageFactory.verifyNoSearchResults(SearchPageFactory.java:76)
at stepDefinitions.SearchSteps.verify_no_results_displayed(SearchSteps.java:81)
at ✽.Verify no results displayed(file:///C:/Users/User/git/repository/CTS_Sprint_2/src/test/java/features/search.feature:22)
]]>
    </failure>
  </testcase> <!-- runScenario -->
  <testcase classname="io.cucumber.testng.AbstractTestNGCucumberTests" name="runScenario" time="1.687"/>
</testsuite> <!-- Default test -->
