<html>
<head>
<title>TestNG:  Default test</title>
<link href="../testng.css" rel="stylesheet" type="text/css" />
<link href="../my-testng.css" rel="stylesheet" type="text/css" />

<style type="text/css">
.log { display: none;} 
.stack-trace { display: none;} 
</style>
<script type="text/javascript">
<!--
function flip(e) {
  current = e.style.display;
  if (current == 'block') {
    e.style.display = 'none';
    return 0;
  }
  else {
    e.style.display = 'block';
    return 1;
  }
}

function toggleBox(szDivId, elem, msg1, msg2)
{
  var res = -1;  if (document.getElementById) {
    res = flip(document.getElementById(szDivId));
  }
  else if (document.all) {
    // this is the way old msie versions work
    res = flip(document.all[szDivId]);
  }
  if(elem) {
    if(res == 0) elem.innerHTML = msg1; else elem.innerHTML = msg2;
  }

}

function toggleAllBoxes() {
  if (document.getElementsByTagName) {
    d = document.getElementsByTagName('div');
    for (i = 0; i < d.length; i++) {
      if (d[i].className == 'log') {
        flip(d[i]);
      }
    }
  }
}

// -->
</script>

</head>
<body>
<h2 align='center'>Default test</h2><table border='1' align="center">
<tr>
<td>Tests passed/Failed/Skipped:</td><td>14/8/0</td>
</tr><tr>
<td>Started on:</td><td>Sun Aug 03 17:10:19 IST 2025</td>
</tr>
<tr><td>Total time:</td><td>84 seconds (84675 ms)</td>
</tr><tr>
<td>Included groups:</td><td></td>
</tr><tr>
<td>Excluded groups:</td><td></td>
</tr>
</table><p/>
<small><i>(Hover the method name to see the test class name)</i></small><p/>
<table width='100%' border='1' class='invocation-failed'>
<tr><td colspan='4' align='center'><b>FAILED TESTS</b></td></tr>
<tr><td><b>Test method</b></td>
<td width="30%"><b>Exception</b></td>
<td width="10%"><b>Time (seconds)</b></td>
<td><b>Instance</b></td>
</tr>
<tr>
<td title='runner.TestRunner.runScenario()'><b>runScenario</b><br>Test class: runner.TestRunner<br>Test method: Runs Cucumber Scenarios<br>Parameters: "Verify empty required fields show errors", "Enquiry Form Validations"</td>
<td><div><pre>java.lang.AssertionError: Expected required field error.
	at stepDefinitions.EnquirySteps.error_messages_should_be_shown_for_missing_fields(EnquirySteps.java:67)
	at ✽.Error messages should be shown for missing fields(file:///C:/Users/User/git/repository/CTS_Sprint_2/src/test/java/features/enquiry.feature:26)
</pre></div><a href='#' onClick='toggleBox("stack-trace216084411", this, "Click to show all stack frames", "Click to hide stack frames")'>Click to show all stack frames</a>
<div class='stack-trace' id='stack-trace216084411'><pre>java.lang.AssertionError: Expected required field error.
	at stepDefinitions.EnquirySteps.error_messages_should_be_shown_for_missing_fields(EnquirySteps.java:67)
	at ✽.Error messages should be shown for missing fields(file:///C:/Users/User/git/repository/CTS_Sprint_2/src/test/java/features/enquiry.feature:26)
</pre></div></td>
<td>2</td>
<td>runner.TestRunner@c267ef4</td></tr>
<tr>
<td title='runner.TestRunner.runScenario()'><b>runScenario</b><br>Test class: runner.TestRunner<br>Test method: Runs Cucumber Scenarios<br>Parameters: "Verify character limit for Message field", "Enquiry Form Validations"</td>
<td><div><pre>java.lang.AssertionError: Expected message length error.
	at stepDefinitions.EnquirySteps.the_system_should_display_character_limit_warning(EnquirySteps.java:83)
	at ✽.The system should display character limit warning(file:///C:/Users/User/git/repository/CTS_Sprint_2/src/test/java/features/enquiry.feature:31)
</pre></div><a href='#' onClick='toggleBox("stack-trace132326253", this, "Click to show all stack frames", "Click to hide stack frames")'>Click to show all stack frames</a>
<div class='stack-trace' id='stack-trace132326253'><pre>java.lang.AssertionError: Expected message length error.
	at stepDefinitions.EnquirySteps.the_system_should_display_character_limit_warning(EnquirySteps.java:83)
	at ✽.The system should display character limit warning(file:///C:/Users/User/git/repository/CTS_Sprint_2/src/test/java/features/enquiry.feature:31)
</pre></div></td>
<td>2</td>
<td>runner.TestRunner@c267ef4</td></tr>
<tr>
<td title='runner.TestRunner.runScenario()'><b>runScenario</b><br>Test class: runner.TestRunner<br>Test method: Runs Cucumber Scenarios<br>Parameters: "Verify Subject field required validation", "Enquiry Form Validations"</td>
<td><div><pre>java.lang.AssertionError: Expected message length error.
	at stepDefinitions.EnquirySteps.error_should_be_displayed_for_empty_subject(EnquirySteps.java:103)
	at ✽.Error should be displayed for empty subject(file:///C:/Users/User/git/repository/CTS_Sprint_2/src/test/java/features/enquiry.feature:41)
</pre></div><a href='#' onClick='toggleBox("stack-trace1413020227", this, "Click to show all stack frames", "Click to hide stack frames")'>Click to show all stack frames</a>
<div class='stack-trace' id='stack-trace1413020227'><pre>java.lang.AssertionError: Expected message length error.
	at stepDefinitions.EnquirySteps.error_should_be_displayed_for_empty_subject(EnquirySteps.java:103)
	at ✽.Error should be displayed for empty subject(file:///C:/Users/User/git/repository/CTS_Sprint_2/src/test/java/features/enquiry.feature:41)
</pre></div></td>
<td>2</td>
<td>runner.TestRunner@c267ef4</td></tr>
<tr>
<td title='runner.TestRunner.runScenario()'><b>runScenario</b><br>Test class: runner.TestRunner<br>Test method: Runs Cucumber Scenarios<br>Parameters: "To Verify Remember Me functionality", "Login Functionality"</td>
<td><div><pre>java.lang.AssertionError: Username does not match. Expected: flightadmin, Actual: 
	at pages.LoginPageFactory.verifyRememberedCredentials(LoginPageFactory.java:122)
	at stepDefinitions.LoginSteps.verify_remembered_credentials(LoginSteps.java:93)
	at ✽.credentials should be remembered on next visit(file:///C:/Users/User/git/repository/CTS_Sprint_2/src/test/java/features/login.feature:41)
</pre></div><a href='#' onClick='toggleBox("stack-trace1428303593", this, "Click to show all stack frames", "Click to hide stack frames")'>Click to show all stack frames</a>
<div class='stack-trace' id='stack-trace1428303593'><pre>java.lang.AssertionError: Username does not match. Expected: flightadmin, Actual: 
	at pages.LoginPageFactory.verifyRememberedCredentials(LoginPageFactory.java:122)
	at stepDefinitions.LoginSteps.verify_remembered_credentials(LoginSteps.java:93)
	at ✽.credentials should be remembered on next visit(file:///C:/Users/User/git/repository/CTS_Sprint_2/src/test/java/features/login.feature:41)
</pre></div></td>
<td>4</td>
<td>runner.TestRunner@c267ef4</td></tr>
<tr>
<td title='runner.TestRunner.runScenario()'><b>runScenario</b><br>Test class: runner.TestRunner<br>Test method: Runs Cucumber Scenarios<br>Parameters: "To Verify Forgot Password functionality", "Login Functionality"</td>
<td><div><pre>java.lang.AssertionError: Page not found (404 error detected)
	at pages.LoginPageFactory.verifyForgotPasswordRedirect(LoginPageFactory.java:128)
	at stepDefinitions.LoginSteps.verify_forgot_password_redirect(LoginSteps.java:103)
	at ✽.it should redirect to the reset password page(file:///C:/Users/User/git/repository/CTS_Sprint_2/src/test/java/features/login.feature:45)
</pre></div><a href='#' onClick='toggleBox("stack-trace1873947363", this, "Click to show all stack frames", "Click to hide stack frames")'>Click to show all stack frames</a>
<div class='stack-trace' id='stack-trace1873947363'><pre>java.lang.AssertionError: Page not found (404 error detected)
	at pages.LoginPageFactory.verifyForgotPasswordRedirect(LoginPageFactory.java:128)
	at stepDefinitions.LoginSteps.verify_forgot_password_redirect(LoginSteps.java:103)
	at ✽.it should redirect to the reset password page(file:///C:/Users/User/git/repository/CTS_Sprint_2/src/test/java/features/login.feature:45)
</pre></div></td>
<td>0</td>
<td>runner.TestRunner@c267ef4</td></tr>
<tr>
<td title='runner.TestRunner.runScenario()'><b>runScenario</b><br>Test class: runner.TestRunner<br>Test method: Runs Cucumber Scenarios<br>Parameters: "To verify the correct logout functionality", "Logout Functionality"</td>
<td><div><pre>java.lang.AssertionError: TEST FAILED: Logout button is mislabeled. Bug AG-28 is confirmed. expected [Logout] but found [LOGIN]
	at org.testng.Assert.fail(Assert.java:97)
	at org.testng.Assert.assertEqualsImpl(Assert.java:136)
	at org.testng.Assert.assertEquals(Assert.java:118)
	at org.testng.Assert.assertEquals(Assert.java:575)
	at stepDefinitions.LogoutSteps.the_user_should_see_a_button(LogoutSteps.java:39)
	at ✽.the user should see a &quot;Logout&quot; button(file:///C:/Users/User/git/repository/CTS_Sprint_2/src/test/java/features/logout.feature:8)
</pre></div><a href='#' onClick='toggleBox("stack-trace362367755", this, "Click to show all stack frames", "Click to hide stack frames")'>Click to show all stack frames</a>
<div class='stack-trace' id='stack-trace362367755'><pre>java.lang.AssertionError: TEST FAILED: Logout button is mislabeled. Bug AG-28 is confirmed. expected [Logout] but found [LOGIN]
	at org.testng.Assert.fail(Assert.java:97)
	at org.testng.Assert.assertEqualsImpl(Assert.java:136)
	at org.testng.Assert.assertEquals(Assert.java:118)
	at org.testng.Assert.assertEquals(Assert.java:575)
	at stepDefinitions.LogoutSteps.the_user_should_see_a_button(LogoutSteps.java:39)
	at ✽.the user should see a &quot;Logout&quot; button(file:///C:/Users/User/git/repository/CTS_Sprint_2/src/test/java/features/logout.feature:8)
</pre></div></td>
<td>2</td>
<td>runner.TestRunner@c267ef4</td></tr>
<tr>
<td title='runner.TestRunner.runScenario()'><b>runScenario</b><br>Test class: runner.TestRunner<br>Test method: Runs Cucumber Scenarios<br>Parameters: "AG-T12 - To Verify search using invalid flight number", "Flight Search Functionality"</td>
<td><div><pre>java.lang.AssertionError: &apos;Not found&apos; message is not displayed. Nothing appears for invalid input.
	at org.testng.Assert.fail(Assert.java:97)
	at pages.SearchPageFactory.noTextDisplayed(SearchPageFactory.java:83)
	at stepDefinitions.SearchSteps.not_found_text_displayed(SearchSteps.java:86)
	at ✽.Not found text displayed(file:///C:/Users/User/git/repository/CTS_Sprint_2/src/test/java/features/search.feature:14)
</pre></div><a href='#' onClick='toggleBox("stack-trace361021465", this, "Click to show all stack frames", "Click to hide stack frames")'>Click to show all stack frames</a>
<div class='stack-trace' id='stack-trace361021465'><pre>java.lang.AssertionError: &apos;Not found&apos; message is not displayed. Nothing appears for invalid input.
	at org.testng.Assert.fail(Assert.java:97)
	at pages.SearchPageFactory.noTextDisplayed(SearchPageFactory.java:83)
	at stepDefinitions.SearchSteps.not_found_text_displayed(SearchSteps.java:86)
	at ✽.Not found text displayed(file:///C:/Users/User/git/repository/CTS_Sprint_2/src/test/java/features/search.feature:14)
</pre></div></td>
<td>1</td>
<td>runner.TestRunner@c267ef4</td></tr>
<tr>
<td title='runner.TestRunner.runScenario()'><b>runScenario</b><br>Test class: runner.TestRunner<br>Test method: Runs Cucumber Scenarios<br>Parameters: "AG-T14 - To Verify search with empty flight number field", "Flight Search Functionality"</td>
<td><div><pre>java.lang.AssertionError: Expected no search results to be displayed did not expect to find [true] but found [false]
	at org.testng.Assert.fail(Assert.java:97)
	at org.testng.Assert.failNotEquals(Assert.java:969)
	at org.testng.Assert.assertTrue(Assert.java:43)
	at pages.SearchPageFactory.verifyNoSearchResults(SearchPageFactory.java:76)
	at stepDefinitions.SearchSteps.verify_no_results_displayed(SearchSteps.java:81)
	at ✽.Verify no results displayed(file:///C:/Users/User/git/repository/CTS_Sprint_2/src/test/java/features/search.feature:22)
</pre></div><a href='#' onClick='toggleBox("stack-trace106804552", this, "Click to show all stack frames", "Click to hide stack frames")'>Click to show all stack frames</a>
<div class='stack-trace' id='stack-trace106804552'><pre>java.lang.AssertionError: Expected no search results to be displayed did not expect to find [true] but found [false]
	at org.testng.Assert.fail(Assert.java:97)
	at org.testng.Assert.failNotEquals(Assert.java:969)
	at org.testng.Assert.assertTrue(Assert.java:43)
	at pages.SearchPageFactory.verifyNoSearchResults(SearchPageFactory.java:76)
	at stepDefinitions.SearchSteps.verify_no_results_displayed(SearchSteps.java:81)
	at ✽.Verify no results displayed(file:///C:/Users/User/git/repository/CTS_Sprint_2/src/test/java/features/search.feature:22)
</pre></div></td>
<td>1</td>
<td>runner.TestRunner@c267ef4</td></tr>
</table><p>
<table width='100%' border='1' class='invocation-passed'>
<tr><td colspan='4' align='center'><b>PASSED TESTS</b></td></tr>
<tr><td><b>Test method</b></td>
<td width="30%"><b>Exception</b></td>
<td width="10%"><b>Time (seconds)</b></td>
<td><b>Instance</b></td>
</tr>
<tr>
<td title='runner.TestRunner.runScenario()'><b>runScenario</b><br>Test class: runner.TestRunner<br>Test method: Runs Cucumber Scenarios<br>Parameters: "Verify the Booking Module Required Fields with valid data", "Booking Module Functionality"</td>
<td></td>
<td>15</td>
<td>runner.TestRunner@c267ef4</td></tr>
<tr>
<td title='runner.TestRunner.runScenario()'><b>runScenario</b><br>Test class: runner.TestRunner<br>Test method: Runs Cucumber Scenarios<br>Parameters: "Verify the Booking module with the Required Fields Blank", "Booking Module Functionality"</td>
<td></td>
<td>7</td>
<td>runner.TestRunner@c267ef4</td></tr>
<tr>
<td title='runner.TestRunner.runScenario()'><b>runScenario</b><br>Test class: runner.TestRunner<br>Test method: Runs Cucumber Scenarios<br>Parameters: "Verify the Booking Module Required Fields with Invalid Data", "Booking Module Functionality"</td>
<td></td>
<td>7</td>
<td>runner.TestRunner@c267ef4</td></tr>
<tr>
<td title='runner.TestRunner.runScenario()'><b>runScenario</b><br>Test class: runner.TestRunner<br>Test method: Runs Cucumber Scenarios<br>Parameters: "Verify the Booking Module Book Now Button works", "Booking Module Functionality"</td>
<td></td>
<td>7</td>
<td>runner.TestRunner@c267ef4</td></tr>
<tr>
<td title='runner.TestRunner.runScenario()'><b>runScenario</b><br>Test class: runner.TestRunner<br>Test method: Runs Cucumber Scenarios<br>Parameters: "Verify the Booking Module Reset Button Works", "Booking Module Functionality"</td>
<td></td>
<td>5</td>
<td>runner.TestRunner@c267ef4</td></tr>
<tr>
<td title='runner.TestRunner.runScenario()'><b>runScenario</b><br>Test class: runner.TestRunner<br>Test method: Runs Cucumber Scenarios<br>Parameters: "Verify the Full Name field accepts valid input", "Enquiry Form Validations"</td>
<td></td>
<td>1</td>
<td>runner.TestRunner@c267ef4</td></tr>
<tr>
<td title='runner.TestRunner.runScenario()'><b>runScenario</b><br>Test class: runner.TestRunner<br>Test method: Runs Cucumber Scenarios<br>Parameters: "Verify invalid email format shows error", "Enquiry Form Validations"</td>
<td></td>
<td>3</td>
<td>runner.TestRunner@c267ef4</td></tr>
<tr>
<td title='runner.TestRunner.runScenario()'><b>runScenario</b><br>Test class: runner.TestRunner<br>Test method: Runs Cucumber Scenarios<br>Parameters: "To Verify login with valid credentials", "Login Functionality"</td>
<td></td>
<td>1</td>
<td>runner.TestRunner@c267ef4</td></tr>
<tr>
<td title='runner.TestRunner.runScenario()'><b>runScenario</b><br>Test class: runner.TestRunner<br>Test method: Runs Cucumber Scenarios<br>Parameters: "To Verify login with invalid password", "Login Functionality"</td>
<td></td>
<td>1</td>
<td>runner.TestRunner@c267ef4</td></tr>
<tr>
<td title='runner.TestRunner.runScenario()'><b>runScenario</b><br>Test class: runner.TestRunner<br>Test method: Runs Cucumber Scenarios<br>Parameters: "To Verify login with invalid username", "Login Functionality"</td>
<td></td>
<td>1</td>
<td>runner.TestRunner@c267ef4</td></tr>
<tr>
<td title='runner.TestRunner.runScenario()'><b>runScenario</b><br>Test class: runner.TestRunner<br>Test method: Runs Cucumber Scenarios<br>Parameters: "To Verify login with empty fields", "Login Functionality"</td>
<td></td>
<td>1</td>
<td>runner.TestRunner@c267ef4</td></tr>
<tr>
<td title='runner.TestRunner.runScenario()'><b>runScenario</b><br>Test class: runner.TestRunner<br>Test method: Runs Cucumber Scenarios<br>Parameters: "AG-T11 - To Verify search using valid flight number", "Flight Search Functionality"</td>
<td></td>
<td>2</td>
<td>runner.TestRunner@c267ef4</td></tr>
<tr>
<td title='runner.TestRunner.runScenario()'><b>runScenario</b><br>Test class: runner.TestRunner<br>Test method: Runs Cucumber Scenarios<br>Parameters: "AG-T13 - To Verify search using valid flight name", "Flight Search Functionality"</td>
<td></td>
<td>1</td>
<td>runner.TestRunner@c267ef4</td></tr>
<tr>
<td title='runner.TestRunner.runScenario()'><b>runScenario</b><br>Test class: runner.TestRunner<br>Test method: Runs Cucumber Scenarios<br>Parameters: "AG-T15 - To Verify search using valid flight type", "Flight Search Functionality"</td>
<td></td>
<td>1</td>
<td>runner.TestRunner@c267ef4</td></tr>
</table><p>
</body>
</html>